<?xml version="1.0" encoding="UTF-8"?>
<!-- Generated by org.testng.reporters.JUnitXMLReporter -->
<testsuite ignored="0" hostname="DESKTOP-S79V34K" failures="0" tests="5" name="Test" time="0.106" errors="0" timestamp="2025-07-04T01:32:03 IST">
  <testcase classname="TestNG.PracticeGroups" name="f" time="0.013"/>
  <testcase classname="TestNG.PracticeGroups" name="g" time="0.002"/>
  <testcase classname="TestNG.PracticeGroups" name="g" time="0.006"/>
  <testcase classname="TestNG.PracticeGroups" name="g" time="0.007"/>
  <testcase classname="TestNG.PracticeGroups" name="h" time="0.004"/>
</testsuite> <!-- Test -->
