<?xml version="1.0" encoding="UTF-8"?>
<testng-results ignored="0" total="1" passed="1" failed="0" skipped="0">
  <reporter-output>
  </reporter-output>
  <suite started-at="2025-06-29T13:07:17 IST" name="Default suite" finished-at="2025-06-29T13:07:20 IST" duration-ms="3449">
    <groups>
    </groups>
    <test started-at="2025-06-29T13:07:17 IST" name="Default test" finished-at="2025-06-29T13:07:20 IST" duration-ms="3449">
      <class name="SeleniumMethods.GetURL">
        <test-method signature="f()[pri:0, instance:SeleniumMethods.GetURL@c88a337]" started-at="2025-06-29T13:07:17 IST" name="f" finished-at="2025-06-29T13:07:20 IST" duration-ms="3401" status="PASS">
          <reporter-output>
          </reporter-output>
        </test-method> <!-- f -->
      </class> <!-- SeleniumMethods.GetURL -->
    </test> <!-- Default test -->
  </suite> <!-- Default suite -->
</testng-results>
