<?xml version="1.0" encoding="UTF-8"?>
<testng-results ignored="0" total="5" passed="5" failed="0" skipped="0">
  <reporter-output>
  </reporter-output>
  <suite started-at="2025-07-04T01:32:03 IST" name="Suite" finished-at="2025-07-04T01:32:03 IST" duration-ms="106">
    <groups>
      <group name="sanity">
        <method signature="PracticeGroups.f(java.lang.String)[pri:1, instance:TestNG.PracticeGroups@550dbc7a]" name="f" class="TestNG.PracticeGroups"/>
        <method signature="PracticeGroups.h()[pri:3, instance:TestNG.PracticeGroups@550dbc7a]" name="h" class="TestNG.PracticeGroups"/>
        <method signature="PracticeGroups.g(java.lang.String)[pri:2, instance:TestNG.PracticeGroups@550dbc7a]" name="g" class="TestNG.PracticeGroups"/>
      </group> <!-- sanity -->
    </groups>
    <test started-at="2025-07-04T01:32:03 IST" name="Test" finished-at="2025-07-04T01:32:03 IST" duration-ms="106">
      <class name="TestNG.PracticeGroups">
        <test-method signature="f(java.lang.String)[pri:1, instance:TestNG.PracticeGroups@550dbc7a]" started-at="2025-07-04T01:32:03 IST" name="f" finished-at="2025-07-04T01:32:03 IST" duration-ms="13" status="PASS">
          <params>
            <param index="0">
              <value>
                <![CDATA[pranit]]>
              </value>
            </param>
          </params>
          <reporter-output>
          </reporter-output>
        </test-method> <!-- f -->
        <test-method signature="g(java.lang.String)[pri:2, instance:TestNG.PracticeGroups@550dbc7a]" started-at="2025-07-04T01:32:03 IST" name="g" data-provider="dp1" finished-at="2025-07-04T01:32:03 IST" duration-ms="2" status="PASS">
          <params>
            <param index="0">
              <value>
                <![CDATA[pranit]]>
              </value>
            </param>
          </params>
          <reporter-output>
          </reporter-output>
        </test-method> <!-- g -->
        <test-method signature="g(java.lang.String)[pri:2, instance:TestNG.PracticeGroups@550dbc7a]" started-at="2025-07-04T01:32:03 IST" name="g" data-provider="dp1" finished-at="2025-07-04T01:32:03 IST" duration-ms="6" status="PASS">
          <params>
            <param index="0">
              <value>
                <![CDATA[yogesh]]>
              </value>
            </param>
          </params>
          <reporter-output>
          </reporter-output>
        </test-method> <!-- g -->
        <test-method signature="g(java.lang.String)[pri:2, instance:TestNG.PracticeGroups@550dbc7a]" started-at="2025-07-04T01:32:03 IST" name="g" data-provider="dp1" finished-at="2025-07-04T01:32:03 IST" duration-ms="7" status="PASS">
          <params>
            <param index="0">
              <value>
                <![CDATA[dhiraj]]>
              </value>
            </param>
          </params>
          <reporter-output>
          </reporter-output>
        </test-method> <!-- g -->
        <test-method signature="h()[pri:3, instance:TestNG.PracticeGroups@550dbc7a]" started-at="2025-07-04T01:32:03 IST" name="h" finished-at="2025-07-04T01:32:03 IST" depends-on-methods="TestNG.PracticeGroups.f" duration-ms="4" status="PASS">
          <reporter-output>
          </reporter-output>
        </test-method> <!-- h -->
      </class> <!-- TestNG.PracticeGroups -->
    </test> <!-- Test -->
  </suite> <!-- Suite -->
</testng-results>
